# JRE version: OpenJDK Runtime Environment (11.0.10) (build 11.0.10+0-b96-7249189)
# Java VM: OpenJDK 64-Bit Server VM (11.0.10+0-b96-7249189, mixed mode, tiered, compressed oops, g1 gc, windows-amd64)
Heap:
 garbage-first heap   total 155648K, used 101376K [0x0000000080000000, 0x0000000100000000)
  region size 1024K, 68 young (69632K), 8 survivors (8192K)
 Metaspace       used 57039K, capacity 58531K, committed 58828K, reserved 1103872K
  class space    used 7246K, capacity 7793K, committed 7884K, reserved 1048576K
GC Heap History (16 events):
Event: 1.069 GC heap before
{Heap before GC invocations=0 (full 0):
 garbage-first heap   total 129024K, used 29696K [0x0000000080000000, 0x0000000100000000)
  region size 1024K, 24 young (24576K), 0 survivors (0K)
 Metaspace       used 9792K, capacity 9986K, committed 10112K, reserved 1058816K
  class space    used 1021K, capacity 1102K, committed 1152K, reserved 1048576K
}
Event: 1.075 GC heap after
{Heap after GC invocations=1 (full 0):
 garbage-first heap   total 129024K, used 9043K [0x0000000080000000, 0x0000000100000000)
  region size 1024K, 3 young (3072K), 3 survivors (3072K)
 Metaspace       used 9792K, capacity 9986K, committed 10112K, reserved 1058816K
  class space    used 1021K, capacity 1102K, committed 1152K, reserved 1048576K
}
Event: 4.034 GC heap before
{Heap before GC invocations=1 (full 0):
 garbage-first heap   total 129024K, used 75603K [0x0000000080000000, 0x0000000100000000)
  region size 1024K, 67 young (68608K), 3 survivors (3072K)
 Metaspace       used 17068K, capacity 17455K, committed 17792K, reserved 1064960K
  class space    used 1965K, capacity 2086K, committed 2176K, reserved 1048576K
}
Event: 4.041 GC heap after
{Heap after GC invocations=2 (full 0):
 garbage-first heap   total 129024K, used 16105K [0x0000000080000000, 0x0000000100000000)
  region size 1024K, 9 young (9216K), 9 survivors (9216K)
 Metaspace       used 17068K, capacity 17455K, committed 17792K, reserved 1064960K
  class space    used 1965K, capacity 2086K, committed 2176K, reserved 1048576K
}
Event: 5.181 GC heap before
{Heap before GC invocations=2 (full 0):
 garbage-first heap   total 129024K, used 46825K [0x0000000080000000, 0x0000000100000000)
  region size 1024K, 40 young (40960K), 9 survivors (9216K)
 Metaspace       used 20625K, capacity 21118K, committed 21248K, reserved 1067008K
  class space    used 2520K, capacity 2720K, committed 2816K, reserved 1048576K
}
Event: 5.213 GC heap after
{Heap after GC invocations=3 (full 0):
 garbage-first heap   total 129024K, used 16615K [0x0000000080000000, 0x0000000100000000)
  region size 1024K, 2 young (2048K), 2 survivors (2048K)
 Metaspace       used 20625K, capacity 21118K, committed 21248K, reserved 1067008K
  class space    used 2520K, capacity 2720K, committed 2816K, reserved 1048576K
}
Event: 6.096 GC heap before
{Heap before GC invocations=4 (full 0):
 garbage-first heap   total 129024K, used 68839K [0x0000000080000000, 0x0000000100000000)
  region size 1024K, 53 young (54272K), 2 survivors (2048K)
 Metaspace       used 25906K, capacity 26485K, committed 26752K, reserved 1073152K
  class space    used 3387K, capacity 3599K, committed 3712K, reserved 1048576K
}
Event: 6.099 GC heap after
{Heap after GC invocations=5 (full 0):
 garbage-first heap   total 129024K, used 18350K [0x0000000080000000, 0x0000000100000000)
  region size 1024K, 3 young (3072K), 3 survivors (3072K)
 Metaspace       used 25906K, capacity 26485K, committed 26752K, reserved 1073152K
  class space    used 3387K, capacity 3599K, committed 3712K, reserved 1048576K
}
Event: 7.248 GC heap before
{Heap before GC invocations=5 (full 0):
 garbage-first heap   total 129024K, used 74670K [0x0000000080000000, 0x0000000100000000)
  region size 1024K, 59 young (60416K), 3 survivors (3072K)
 Metaspace       used 35041K, capacity 35830K, committed 35840K, reserved 1081344K
  class space    used 4538K, capacity 4864K, committed 4864K, reserved 1048576K
}
Event: 7.258 GC heap after
{Heap after GC invocations=6 (full 0):
 garbage-first heap   total 129024K, used 21972K [0x0000000080000000, 0x0000000100000000)
  region size 1024K, 7 young (7168K), 7 survivors (7168K)
 Metaspace       used 35041K, capacity 35830K, committed 35840K, reserved 1081344K
  class space    used 4538K, capacity 4864K, committed 4864K, reserved 1048576K
}
Event: 9.416 GC heap before
{Heap before GC invocations=7 (full 0):
 garbage-first heap   total 129024K, used 83412K [0x0000000080000000, 0x0000000100000000)
  region size 1024K, 65 young (66560K), 7 survivors (7168K)
 Metaspace       used 39330K, capacity 40269K, committed 40524K, reserved 1085440K
  class space    used 5023K, capacity 5357K, committed 5452K, reserved 1048576K
}
Event: 9.431 GC heap after
{Heap after GC invocations=8 (full 0):
 garbage-first heap   total 129024K, used 26860K [0x0000000080000000, 0x0000000100000000)
  region size 1024K, 9 young (9216K), 9 survivors (9216K)
 Metaspace       used 39330K, capacity 40269K, committed 40524K, reserved 1085440K
  class space    used 5023K, capacity 5357K, committed 5452K, reserved 1048576K
}
Event: 13.580 GC heap before
{Heap before GC invocations=8 (full 0):
 garbage-first heap   total 129024K, used 86252K [0x0000000080000000, 0x0000000100000000)
  region size 1024K, 67 young (68608K), 9 survivors (9216K)
 Metaspace       used 44709K, capacity 45843K, committed 46156K, reserved 1089536K
  class space    used 5740K, capacity 6146K, committed 6220K, reserved 1048576K
}
Event: 13.605 GC heap after
{Heap after GC invocations=9 (full 0):
 garbage-first heap   total 129024K, used 29001K [0x0000000080000000, 0x0000000100000000)
  region size 1024K, 3 young (3072K), 3 survivors (3072K)
 Metaspace       used 44709K, capacity 45843K, committed 46156K, reserved 1089536K
  class space    used 5740K, capacity 6146K, committed 6220K, reserved 1048576K
}
Event: 17.894 GC heap before
{Heap before GC invocations=9 (full 0):
 garbage-first heap   total 129024K, used 93513K [0x0000000080000000, 0x0000000100000000)
  region size 1024K, 63 young (64512K), 3 survivors (3072K)
 Metaspace       used 48026K, capacity 49338K, committed 49356K, reserved 1091584K
  class space    used 6135K, capacity 6586K, committed 6604K, reserved 1048576K
}
Event: 17.905 GC heap after
{Heap after GC invocations=10 (full 0):
 garbage-first heap   total 155648K, used 40960K [0x0000000080000000, 0x0000000100000000)
  region size 1024K, 8 young (8192K), 8 survivors (8192K)
 Metaspace       used 48026K, capacity 49338K, committed 49356K, reserved 1091584K
  class space    used 6135K, capacity 6586K, committed 6604K, reserved 1048576K
}

