# JRE version: OpenJDK Runtime Environment (11.0.10) (build 11.0.10+0-b96-7249189)
# Java VM: OpenJDK 64-Bit Server VM (11.0.10+0-b96-7249189, mixed mode, tiered, compressed oops, g1 gc, windows-amd64)
Heap:
 garbage-first heap   total 155648K, used 97532K [0x0000000080000000, 0x0000000100000000)
  region size 1024K, 56 young (57344K), 4 survivors (4096K)
 Metaspace       used 63124K, capacity 64644K, committed 64716K, reserved 1105920K
  class space    used 8013K, capacity 8581K, committed 8652K, reserved 1048576K
GC Heap History (18 events):
Event: 0.894 GC heap before
{Heap before GC invocations=0 (full 0):
 garbage-first heap   total 129024K, used 29696K [0x0000000080000000, 0x0000000100000000)
  region size 1024K, 24 young (24576K), 0 survivors (0K)
 Metaspace       used 9790K, capacity 9986K, committed 10112K, reserved 1058816K
  class space    used 1022K, capacity 1102K, committed 1152K, reserved 1048576K
}
Event: 0.902 GC heap after
{Heap after GC invocations=1 (full 0):
 garbage-first heap   total 129024K, used 8943K [0x0000000080000000, 0x0000000100000000)
  region size 1024K, 3 young (3072K), 3 survivors (3072K)
 Metaspace       used 9790K, capacity 9986K, committed 10112K, reserved 1058816K
  class space    used 1022K, capacity 1102K, committed 1152K, reserved 1048576K
}
Event: 2.931 GC heap before
{Heap before GC invocations=1 (full 0):
 garbage-first heap   total 129024K, used 82671K [0x0000000080000000, 0x0000000100000000)
  region size 1024K, 75 young (76800K), 3 survivors (3072K)
 Metaspace       used 17718K, capacity 18150K, committed 18432K, reserved 1064960K
  class space    used 2093K, capacity 2236K, committed 2304K, reserved 1048576K
}
Event: 2.950 GC heap after
{Heap after GC invocations=2 (full 0):
 garbage-first heap   total 129024K, used 15835K [0x0000000080000000, 0x0000000100000000)
  region size 1024K, 10 young (10240K), 10 survivors (10240K)
 Metaspace       used 17718K, capacity 18150K, committed 18432K, reserved 1064960K
  class space    used 2093K, capacity 2236K, committed 2304K, reserved 1048576K
}
Event: 3.415 GC heap before
{Heap before GC invocations=2 (full 0):
 garbage-first heap   total 129024K, used 38363K [0x0000000080000000, 0x0000000100000000)
  region size 1024K, 33 young (33792K), 10 survivors (10240K)
 Metaspace       used 20625K, capacity 21118K, committed 21248K, reserved 1067008K
  class space    used 2521K, capacity 2720K, committed 2816K, reserved 1048576K
}
Event: 3.423 GC heap after
{Heap after GC invocations=3 (full 0):
 garbage-first heap   total 129024K, used 16836K [0x0000000080000000, 0x0000000100000000)
  region size 1024K, 1 young (1024K), 1 survivors (1024K)
 Metaspace       used 20625K, capacity 21118K, committed 21248K, reserved 1067008K
  class space    used 2521K, capacity 2720K, committed 2816K, reserved 1048576K
}
Event: 4.205 GC heap before
{Heap before GC invocations=4 (full 0):
 garbage-first heap   total 129024K, used 70084K [0x0000000080000000, 0x0000000100000000)
  region size 1024K, 53 young (54272K), 1 survivors (1024K)
 Metaspace       used 25931K, capacity 26485K, committed 26752K, reserved 1073152K
  class space    used 3391K, capacity 3599K, committed 3712K, reserved 1048576K
}
Event: 4.210 GC heap after
{Heap after GC invocations=5 (full 0):
 garbage-first heap   total 129024K, used 18400K [0x0000000080000000, 0x0000000100000000)
  region size 1024K, 3 young (3072K), 3 survivors (3072K)
 Metaspace       used 25931K, capacity 26485K, committed 26752K, reserved 1073152K
  class space    used 3391K, capacity 3599K, committed 3712K, reserved 1048576K
}
Event: 5.388 GC heap before
{Heap before GC invocations=5 (full 0):
 garbage-first heap   total 129024K, used 74720K [0x0000000080000000, 0x0000000100000000)
  region size 1024K, 60 young (61440K), 3 survivors (3072K)
 Metaspace       used 35050K, capacity 35830K, committed 35840K, reserved 1081344K
  class space    used 4536K, capacity 4864K, committed 4864K, reserved 1048576K
}
Event: 5.401 GC heap after
{Heap after GC invocations=6 (full 0):
 garbage-first heap   total 129024K, used 21971K [0x0000000080000000, 0x0000000100000000)
  region size 1024K, 6 young (6144K), 6 survivors (6144K)
 Metaspace       used 35050K, capacity 35830K, committed 35840K, reserved 1081344K
  class space    used 4536K, capacity 4864K, committed 4864K, reserved 1048576K
}
Event: 6.460 GC heap before
{Heap before GC invocations=7 (full 0):
 garbage-first heap   total 129024K, used 84435K [0x0000000080000000, 0x0000000100000000)
  region size 1024K, 65 young (66560K), 6 survivors (6144K)
 Metaspace       used 39442K, capacity 40367K, committed 40524K, reserved 1085440K
  class space    used 5033K, capacity 5390K, committed 5452K, reserved 1048576K
}
Event: 6.471 GC heap after
{Heap after GC invocations=8 (full 0):
 garbage-first heap   total 129024K, used 26955K [0x0000000080000000, 0x0000000100000000)
  region size 1024K, 9 young (9216K), 9 survivors (9216K)
 Metaspace       used 39442K, capacity 40367K, committed 40524K, reserved 1085440K
  class space    used 5033K, capacity 5390K, committed 5452K, reserved 1048576K
}
Event: 7.798 GC heap before
{Heap before GC invocations=8 (full 0):
 garbage-first heap   total 129024K, used 86347K [0x0000000080000000, 0x0000000100000000)
  region size 1024K, 67 young (68608K), 9 survivors (9216K)
 Metaspace       used 44813K, capacity 45974K, committed 46156K, reserved 1089536K
  class space    used 5753K, capacity 6147K, committed 6220K, reserved 1048576K
}
Event: 7.811 GC heap after
{Heap after GC invocations=9 (full 0):
 garbage-first heap   total 155648K, used 29182K [0x0000000080000000, 0x0000000100000000)
  region size 1024K, 3 young (3072K), 3 survivors (3072K)
 Metaspace       used 44813K, capacity 45974K, committed 46156K, reserved 1089536K
  class space    used 5753K, capacity 6147K, committed 6220K, reserved 1048576K
}
Event: 9.317 GC heap before
{Heap before GC invocations=9 (full 0):
 garbage-first heap   total 155648K, used 104958K [0x0000000080000000, 0x0000000100000000)
  region size 1024K, 74 young (75776K), 3 survivors (3072K)
 Metaspace       used 49595K, capacity 50908K, committed 51148K, reserved 1093632K
  class space    used 6318K, capacity 6772K, committed 6860K, reserved 1048576K
}
Event: 9.327 GC heap after
{Heap after GC invocations=10 (full 0):
 garbage-first heap   total 155648K, used 41413K [0x0000000080000000, 0x0000000100000000)
  region size 1024K, 10 young (10240K), 10 survivors (10240K)
 Metaspace       used 49595K, capacity 50908K, committed 51148K, reserved 1093632K
  class space    used 6318K, capacity 6772K, committed 6860K, reserved 1048576K
}
Event: 10.922 GC heap before
{Heap before GC invocations=10 (full 0):
 garbage-first heap   total 155648K, used 98757K [0x0000000080000000, 0x0000000100000000)
  region size 1024K, 67 young (68608K), 10 survivors (10240K)
 Metaspace       used 58660K, capacity 60169K, committed 60236K, reserved 1101824K
  class space    used 7432K, capacity 7978K, committed 8012K, reserved 1048576K
}
Event: 10.956 GC heap after
{Heap after GC invocations=11 (full 0):
 garbage-first heap   total 155648K, used 45308K [0x0000000080000000, 0x0000000100000000)
  region size 1024K, 4 young (4096K), 4 survivors (4096K)
 Metaspace       used 58660K, capacity 60169K, committed 60236K, reserved 1101824K
  class space    used 7432K, capacity 7978K, committed 8012K, reserved 1048576K
}

